[debug] [2021-08-27T11:02:16.300Z] ----------------------------------------------------------------------
[debug] [2021-08-27T11:02:16.302Z] Command:       C:\Program Files\nodejs\node.exe C:\Users\TANMOY\AppData\Roaming\npm\node_modules\firebase-tools\lib\bin\firebase.js init
[debug] [2021-08-27T11:02:16.302Z] CLI Version:   9.16.6
[debug] [2021-08-27T11:02:16.303Z] Platform:      win32
[debug] [2021-08-27T11:02:16.303Z] Node Version:  v14.16.0
[debug] [2021-08-27T11:02:16.304Z] Time:          Fri Aug 27 2021 17:02:16 GMT+0600 (Bangladesh Standard Time)
[debug] [2021-08-27T11:02:16.304Z] ----------------------------------------------------------------------
[debug] 
[debug] [2021-08-27T11:02:16.356Z] > command requires scopes: ["email","openid","https://www.googleapis.com/auth/cloudplatformprojects.readonly","https://www.googleapis.com/auth/firebase","https://www.googleapis.com/auth/cloud-platform"]
[debug] [2021-08-27T11:02:16.356Z] > authorizing via signed-in user (mondaltanmoy50@gmail.com)
[info] 
     ######## #### ########  ######## ########     ###     ######  ########
     ##        ##  ##     ## ##       ##     ##  ##   ##  ##       ##
     ######    ##  ########  ######   ########  #########  ######  ######
     ##        ##  ##    ##  ##       ##     ## ##     ##       ## ##
     ##       #### ##     ## ######## ########  ##     ##  ######  ########

You're about to initialize a Firebase project in this directory:

  E:\web development\Assignment\Assignment-10\fresh-valley-main

Before we get started, keep in mind:

  * You are initializing within an existing Firebase project directory

[info] 
=== Project Setup
[info] 
[info] First, let's associate this project directory with a Firebase project.
[info] You can create multiple project aliases by running firebase use --add, 
[info] but for now we'll just set up a default project.
[info] 
[info] i  .firebaserc already has a default project, using fresh-valley-75b0d. 
[debug] [2021-08-27T11:02:23.508Z] > refreshing access token with scopes: []
[debug] [2021-08-27T11:02:23.509Z] >>> HTTP REQUEST POST https://www.googleapis.com/oauth2/v3/token  
 <request body omitted>
[debug] [2021-08-27T11:02:23.816Z] <<< HTTP RESPONSE 200 {"date":"Fri, 27 Aug 2021 11:02:23 GMT","pragma":"no-cache","expires":"Mon, 01 Jan 1990 00:00:00 GMT","cache-control":"no-cache, no-store, max-age=0, must-revalidate","content-type":"application/json; charset=utf-8","vary":"X-Origin, Referer, Origin,Accept-Encoding","server":"scaffolding on HTTPServer2","x-xss-protection":"0","x-frame-options":"SAMEORIGIN","x-content-type-options":"nosniff","alt-svc":"h3=\":443\"; ma=2592000,h3-29=\":443\"; ma=2592000,h3-T051=\":443\"; ma=2592000,h3-Q050=\":443\"; ma=2592000,h3-Q046=\":443\"; ma=2592000,h3-Q043=\":443\"; ma=2592000,quic=\":443\"; ma=2592000; v=\"46,43\"","accept-ranges":"none","transfer-encoding":"chunked"}
[debug] [2021-08-27T11:02:23.836Z] >>> [apiv2][query] GET https://firebase.googleapis.com/v1beta1/projects/fresh-valley-75b0d [none]
[debug] [2021-08-27T11:02:24.361Z] <<< [apiv2][status] GET https://firebase.googleapis.com/v1beta1/projects/fresh-valley-75b0d 200
[debug] [2021-08-27T11:02:24.361Z] <<< [apiv2][body] GET https://firebase.googleapis.com/v1beta1/projects/fresh-valley-75b0d {"projectId":"fresh-valley-75b0d","projectNumber":"970440791639","displayName":"fresh-valley","name":"projects/fresh-valley-75b0d","resources":{"hostingSite":"fresh-valley-75b0d"},"state":"ACTIVE"}
[info] 
=== Hosting Setup
[info] 
[info] Your public directory is the folder (relative to your project directory) that
[info] will contain Hosting assets to be uploaded with firebase deploy. If you
[info] have a build process for your assets, use your build's output directory.
[info] 
[debug] [2021-08-27T11:02:38.008Z] >>> [apiv2][query] GET https://www.gstatic.com/firebasejs/releases.json [none]
[debug] [2021-08-27T11:02:38.306Z] <<< [apiv2][status] GET https://www.gstatic.com/firebasejs/releases.json 200
[debug] [2021-08-27T11:02:38.307Z] <<< [apiv2][body] GET https://www.gstatic.com/firebasejs/releases.json {"current":{"version":"9.0.0","browserURLCompat":"https://www.gstatic.com/firebasejs/9.0.0/firebase-compat.js","packageURL":"https://www.gstatic.com/firebasejs/9.0.0/firebase.tgz"},"live":{"version":"9.0","browserURLCompat":"https://www.gstatic.com/firebasejs/live/9.0/firebase-compat.js","packageURL":"https://www.gstatic.com/firebasejs/live/9.0/firebase.tgz"},"components":{"analytics":"https://www.gstatic.com/firebasejs/9.0.0/firebase-analytics.js","app":"https://www.gstatic.com/firebasejs/9.0.0/firebase-app.js","app-check":"https://www.gstatic.com/firebasejs/9.0.0/firebase-app-check.js","auth":"https://www.gstatic.com/firebasejs/9.0.0/firebase-auth.js","functions":"https://www.gstatic.com/firebasejs/9.0.0/firebase-functions.js","firestore":"https://www.gstatic.com/firebasejs/9.0.0/firebase-firestore.js","storage":"https://www.gstatic.com/firebasejs/9.0.0/firebase-storage.js","performance":"https://www.gstatic.com/firebasejs/9.0.0/firebase-performance.js","remote-config":"https://www.gstatic.com/firebasejs/9.0.0/firebase-remote-config.js","messaging":"https://www.gstatic.com/firebasejs/9.0.0/firebase-messaging.js","database":"https://www.gstatic.com/firebasejs/9.0.0/firebase-database.js","app-compat":"https://www.gstatic.com/firebasejs/9.0.0/firebase-app-compat.js","analytics-compat":"https://www.gstatic.com/firebasejs/9.0.0/firebase-analytics-compat.js","app-check-compat":"https://www.gstatic.com/firebasejs/9.0.0/firebase-app-check-compat.js","auth-compat":"https://www.gstatic.com/firebasejs/9.0.0/firebase-auth-compat.js","functions-compat":"https://www.gstatic.com/firebasejs/9.0.0/firebase-functions-compat.js","messaging-compat":"https://www.gstatic.com/firebasejs/9.0.0/firebase-messaging-compat.js","performance-compat":"https://www.gstatic.com/firebasejs/9.0.0/firebase-performance-compat.js","remote-config-compat":"https://www.gstatic.com/firebasejs/9.0.0/firebase-remote-config-compat.js","firestore-compat":"https://www.gstatic.com/firebasejs/9.0.0/firebase-firestore-compat.js","storage-compat":"https://www.gstatic.com/firebasejs/9.0.0/firebase-storage-compat.js","database-compat":"https://www.gstatic.com/firebasejs/9.0.0/firebase-database-compat.js","firestore-lite":"https://www.gstatic.com/firebasejs/9.0.0/firebase-firestore-lite.js","messaging-sw":"https://www.gstatic.com/firebasejs/9.0.0/firebase-messaging-sw.js","auth-cordova":"https://www.gstatic.com/firebasejs/9.0.0/firebase-auth-cordova.js","auth-react-native":"https://www.gstatic.com/firebasejs/9.0.0/firebase-auth-react-native.js","performance-standalone":"https://www.gstatic.com/firebasejs/9.0.0/firebase-performance-standalone.js","performance-standalone-compat":"https://www.gstatic.com/firebasejs/9.0.0/firebase-performance-standalone-compat.js"}}
[info] i  Skipping write of build/index.html 
[info] 
[info] i  Detected a .git folder at E:\web development\Assignment\Assignment-10\fresh-valley-main 
[info] i  Authorizing with GitHub to upload your service account to a GitHub repository's secrets store. 
[info] 
[info] Visit this URL on this device to log in:
[info] https://github.com/login/oauth/authorize?client_id=89cf50f02ac6aaed3484&state=1033460557&redirect_uri=http%3A%2F%2Flocalhost%3A9005&scope=read%3Auser%20repo%20public_repo
[info] 
[info] Waiting for authentication...
[debug] [2021-08-27T11:03:02.050Z] >>> HTTP REQUEST POST https://github.com/login/oauth/access_token  
 {"client_id":"89cf50f02ac6aaed3484","client_secret":"3330d14abc895d9a74d5f17cd7a00711fa2c5bf0","code":"e0a931ed5104bb6633a3","redirect_uri":"http://localhost:9005","state":"1033460557"}
[debug] [2021-08-27T11:03:03.048Z] <<< HTTP RESPONSE 200 {"server":"GitHub.com","date":"Fri, 27 Aug 2021 11:03:02 GMT","content-type":"application/json; charset=utf-8","transfer-encoding":"chunked","vary":"X-PJAX, X-PJAX-Container, Accept-Encoding, Accept, X-Requested-With","permissions-policy":"interest-cohort=()","etag":"W/\"15834ce93bf820a11f68b18c10c01cf7\"","cache-control":"max-age=0, private, must-revalidate","strict-transport-security":"max-age=31536000; includeSubdomains; preload","x-frame-options":"deny","x-content-type-options":"nosniff","x-xss-protection":"0","referrer-policy":"origin-when-cross-origin, strict-origin-when-cross-origin","expect-ct":"max-age=2592000, report-uri=\"https://api.github.com/_private/browser/errors\"","content-security-policy":"default-src 'none'; base-uri 'self'; block-all-mixed-content; connect-src 'self' uploads.github.com www.githubstatus.com collector.githubapp.com api.github.com github-cloud.s3.amazonaws.com github-production-repository-file-5c1aeb.s3.amazonaws.com github-production-upload-manifest-file-7fdce7.s3.amazonaws.com github-production-user-asset-6210df.s3.amazonaws.com cdn.optimizely.com logx.optimizely.com/v1/events translator.github.com wss://alive.github.com; font-src github.githubassets.com; form-action 'self' github.com gist.github.com; frame-ancestors 'none'; frame-src render.githubusercontent.com viewscreen.githubusercontent.com; img-src 'self' data: github.githubassets.com identicons.github.com collector.githubapp.com github-cloud.s3.amazonaws.com secured-user-images.githubusercontent.com/ *.githubusercontent.com; manifest-src 'self'; media-src 'none'; script-src github.githubassets.com; style-src 'unsafe-inline' github.githubassets.com; worker-src github.com/socket-worker-b05e50fc.js gist.github.com/socket-worker-b05e50fc.js","x-github-request-id":"1D85:01CB:149ED9:1A9D41:6128C666"}
[debug] [2021-08-27T11:03:03.054Z] >>> [apiv2][query] GET https://api.github.com/user [none]
[debug] [2021-08-27T11:03:03.781Z] <<< [apiv2][status] GET https://api.github.com/user 200
[debug] [2021-08-27T11:03:03.781Z] <<< [apiv2][body] GET https://api.github.com/user {"login":"tanmoyM-1611","id":76746527,"node_id":"MDQ6VXNlcjc2NzQ2NTI3","avatar_url":"https://avatars.githubusercontent.com/u/76746527?v=4","gravatar_id":"","url":"https://api.github.com/users/tanmoyM-1611","html_url":"https://github.com/tanmoyM-1611","followers_url":"https://api.github.com/users/tanmoyM-1611/followers","following_url":"https://api.github.com/users/tanmoyM-1611/following{/other_user}","gists_url":"https://api.github.com/users/tanmoyM-1611/gists{/gist_id}","starred_url":"https://api.github.com/users/tanmoyM-1611/starred{/owner}{/repo}","subscriptions_url":"https://api.github.com/users/tanmoyM-1611/subscriptions","organizations_url":"https://api.github.com/users/tanmoyM-1611/orgs","repos_url":"https://api.github.com/users/tanmoyM-1611/repos","events_url":"https://api.github.com/users/tanmoyM-1611/events{/privacy}","received_events_url":"https://api.github.com/users/tanmoyM-1611/received_events","type":"User","site_admin":false,"name":"Tanmoy","company":null,"blog":"","location":null,"email":null,"hireable":null,"bio":null,"twitter_username":null,"public_repos":25,"public_gists":0,"followers":2,"following":4,"created_at":"2020-12-29T17:43:12Z","updated_at":"2021-05-31T05:03:13Z","private_gists":0,"total_private_repos":3,"owned_private_repos":3,"disk_usage":51687,"collaborators":0,"two_factor_authentication":true,"plan":{"name":"free","space":976562499,"collaborators":0,"private_repos":10000}}
[info] 
[info] +  Success! Logged into GitHub as tanmoyM-1611 
[info] 
